1608174705641	geckodriver	INFO	Listening on 127.0.0.1:60693
1608174705649	mozrunner::runner	INFO	Running command: "/usr/bin/firefox" "--marionette" "--disable-extensions" "--headless" "-foreground" "-no-remote" "-profile" "/tmp/rust_mozprofileiM6klk"
*** You are running in headless mode.
console.warn: SearchSettings: "get: No settings file exists, new profile?" (new Error("", "(unknown module)"))
1608174708254	Marionette	INFO	Listening on port 34665
1608174708284	Marionette	WARN	TLS certificate errors will be ignored for this session
JavaScript error: https://maps.googleapis.com/maps/api/js?key=AIzaSyAPLu3KhYQyGhh6oDzrpkVjj84Qh22_pmo&language=vi&callback=initialize, line 81: Error: Could not load "controls".
1608174741276	geckodriver	INFO	Listening on 127.0.0.1:40303
1608174741283	mozrunner::runner	INFO	Running command: "/usr/bin/firefox" "--marionette" "--disable-extensions" "--headless" "-foreground" "-no-remote" "-profile" "/tmp/rust_mozprofile8LsMdw"
*** You are running in headless mode.
console.warn: SearchSettings: "get: No settings file exists, new profile?" (new Error("", "(unknown module)"))
1608174743397	Marionette	INFO	Listening on port 35241
1608174743514	Marionette	WARN	TLS certificate errors will be ignored for this session
1608174755191	geckodriver	INFO	Listening on 127.0.0.1:45791
1608174755212	mozrunner::runner	INFO	Running command: "/usr/bin/firefox" "--marionette" "--disable-extensions" "--headless" "-foreground" "-no-remote" "-profile" "/tmp/rust_mozprofileE0jLOb"
*** You are running in headless mode.
console.warn: SearchSettings: "get: No settings file exists, new profile?" (new Error("", "(unknown module)"))
1608174761578	Marionette	INFO	Listening on port 34491
1608174761731	Marionette	WARN	TLS certificate errors will be ignored for this session
1608174769869	geckodriver	INFO	Listening on 127.0.0.1:33111
1608174769887	mozrunner::runner	INFO	Running command: "/usr/bin/firefox" "--marionette" "--disable-extensions" "--headless" "-foreground" "-no-remote" "-profile" "/tmp/rust_mozprofileAo2JCJ"
*** You are running in headless mode.
console.warn: SearchSettings: "get: No settings file exists, new profile?" (new Error("", "(unknown module)"))
1608174776690	Marionette	INFO	Listening on port 37265
1608174776790	Marionette	WARN	TLS certificate errors will be ignored for this session
1608174843450	geckodriver	INFO	Listening on 127.0.0.1:43925
1608174843468	mozrunner::runner	INFO	Running command: "/usr/bin/firefox" "--marionette" "--disable-extensions" "--headless" "-foreground" "-no-remote" "-profile" "/tmp/rust_mozprofileJbu6zM"
*** You are running in headless mode.
console.warn: SearchSettings: "get: No settings file exists, new profile?" (new Error("", "(unknown module)"))
1608174849744	Marionette	INFO	Listening on port 36163
1608174849862	Marionette	WARN	TLS certificate errors will be ignored for this session
1608174894607	geckodriver	INFO	Listening on 127.0.0.1:58239
1608174894624	mozrunner::runner	INFO	Running command: "/usr/bin/firefox" "--marionette" "--disable-extensions" "--headless" "-foreground" "-no-remote" "-profile" "/tmp/rust_mozprofilezlmLst"
*** You are running in headless mode.
